e:\workspace\gitmanager\telesing\vs2012project\telesing\telesing\x64\debug\telesing.pch
e:\workspace\gitmanager\telesing\vs2012project\telesing\telesing\x64\debug\vc120.pdb
e:\workspace\gitmanager\telesing\vs2012project\telesing\telesing\x64\debug\pch.obj
e:\workspace\gitmanager\telesing\vs2012project\telesing\telesing\x64\debug\dllmain.obj
e:\workspace\gitmanager\telesing\vs2012project\telesing\telesing\x64\debug\telesing.obj
e:\workspace\gitmanager\telesing\vs2012project\telesing\x64\debug\telesing\telesing.ilk
e:\workspace\gitmanager\telesing\vs2012project\telesing\x64\debug\telesing\telesing.dll
e:\workspace\gitmanager\telesing\vs2012project\telesing\x64\debug\telesing\telesing.pdb
e:\workspace\gitmanager\telesing\vs2012project\telesing\x64\debug\telesing\telesing.lib
e:\workspace\gitmanager\telesing\vs2012project\telesing\x64\debug\telesing\telesing.exp
e:\workspace\gitmanager\telesing\vs2012project\telesing\telesing\x64\debug\priconfig.xml
e:\workspace\gitmanager\telesing\vs2012project\telesing\telesing\x64\debug\priconfig.xml.intermediate
e:\workspace\gitmanager\telesing\vs2012project\telesing\telesing\x64\debug\layout.resfiles
e:\workspace\gitmanager\telesing\vs2012project\telesing\telesing\x64\debug\layout.resfiles.intermediate
e:\workspace\gitmanager\telesing\vs2012project\telesing\telesing\x64\debug\resources.resfiles
e:\workspace\gitmanager\telesing\vs2012project\telesing\telesing\x64\debug\resources.resfiles.intermediate
e:\workspace\gitmanager\telesing\vs2012project\telesing\telesing\x64\debug\pri.resfiles
e:\workspace\gitmanager\telesing\vs2012project\telesing\telesing\x64\debug\pri.resfiles.intermediate
e:\workspace\gitmanager\telesing\vs2012project\telesing\x64\debug\telesing\telesing.pri
e:\workspace\gitmanager\telesing\vs2012project\telesing\telesing\x64\debug\qualifiers.txt
e:\workspace\gitmanager\telesing\vs2012project\telesing\telesing\x64\debug\qualifiers.txt.intermediate
e:\workspace\gitmanager\telesing\vs2012project\telesing\telesing\x64\debug\multiplequalifiersperdimensionfound.txt
e:\workspace\gitmanager\telesing\vs2012project\telesing\telesing\x64\debug\telesing.tlog\cl.command.1.tlog
e:\workspace\gitmanager\telesing\vs2012project\telesing\telesing\x64\debug\telesing.tlog\cl.read.1.tlog
e:\workspace\gitmanager\telesing\vs2012project\telesing\telesing\x64\debug\telesing.tlog\cl.write.1.tlog
e:\workspace\gitmanager\telesing\vs2012project\telesing\telesing\x64\debug\telesing.tlog\link.command.1.tlog
e:\workspace\gitmanager\telesing\vs2012project\telesing\telesing\x64\debug\telesing.tlog\link.read.1.tlog
e:\workspace\gitmanager\telesing\vs2012project\telesing\telesing\x64\debug\telesing.tlog\link.write.1.tlog
e:\workspace\gitmanager\telesing\vs2012project\telesing\telesing\x64\debug\telesing.tlog\telesing.read.1u.tlog
e:\workspace\gitmanager\telesing\vs2012project\telesing\telesing\x64\debug\telesing.tlog\telesing.write.1u.tlog
